                      :-) GROMACS - gmx grompp, 2022.4 (-:

Executable:   /usr/local/bin/gmx
Data prefix:  /usr/local
Working dir:  /home/lindseywhitmore/projects/LJ_potential/anthracene/LJ_spheres/shift_1_rvdw_7/prod_out/modified_25
Command line:
  gmx grompp -f /home/lindseywhitmore/projects/LJ_potential/anthracene/LJ_spheres/shift_1_rvdw_7/start_files/energy_eval.mdp -c /home/lindseywhitmore/projects/LJ_potential/anthracene/LJ_spheres/shift_1_rvdw_7/prod_out/modified_25/modified_25.gro -p /home/lindseywhitmore/projects/LJ_potential/anthracene/LJ_spheres/shift_1_rvdw_7/start_files/ljs.top -o modified_25.tpr


NOTE 1 [file /home/lindseywhitmore/projects/LJ_potential/anthracene/LJ_spheres/shift_1_rvdw_7/start_files/energy_eval.mdp, line 40]:
  For proper sampling of the (nearly) decoupled state, stochastic dynamics
  should be used


NOTE 2 [file /home/lindseywhitmore/projects/LJ_potential/anthracene/LJ_spheres/shift_1_rvdw_7/start_files/energy_eval.mdp]:
  Setting nstcalcenergy (100) equal to nstenergy (1)

Number of degrees of freedom in T-Coupling group rest is 3.00

NOTE 3 [file /home/lindseywhitmore/projects/LJ_potential/anthracene/LJ_spheres/shift_1_rvdw_7/start_files/energy_eval.mdp]:
  NVE simulation with an initial temperature of zero: will use a Verlet
  buffer of 10%. Check your energy drift!


There were 3 notes

GROMACS reminds you: "Even the *healthy* people move in clouds of cigarette smoke, women straining polyester, men in raggedly cutoffs slathering mayonnaise on foot-long hot dogs. It's as if the hotel were hosting a conference on adult onset diabetes" (Jess Walter)

Setting the LD random seed to -159678562

Generated 6 of the 6 non-bonded parameter combinations

Excluding 1 bonded neighbours molecule type 'LJ1'

Excluding 1 bonded neighbours molecule type 'LJ2'

Coupling 1 copies of molecule type 'LJ2'
Analysing residue names:
There are:     2      Other residues
Analysing residues not classified as Protein/DNA/RNA/Water and splitting into groups...

This run will generate roughly 0 Mb of data
                      :-) GROMACS - gmx mdrun, 2022.4 (-:

Executable:   /usr/local/bin/gmx
Data prefix:  /usr/local
Working dir:  /home/lindseywhitmore/projects/LJ_potential/anthracene/LJ_spheres/shift_1_rvdw_7/prod_out/modified_25
Command line:
  gmx mdrun -s modified_25.tpr -dhdl dhdl_modified_25.xvg

Reading file modified_25.tpr, VERSION 2022.4 (single precision)

NOTE: Parallelization is limited by the small number of atoms,
      only starting 1 thread-MPI ranks.
      You can use the -nt and/or -ntmpi option to optimize the number of threads.

Can not increase nstlist because an NVE ensemble is used
Using 1 MPI thread
Using 16 OpenMP threads 

starting mdrun 'Lennard-Jones Spheres'
0 steps,      0.0 ps.
/home/lindseywhitmore/projects/LJ_potential/anthracene/LJ_spheres/shift_1_rvdw_7/cmds/modified_25_commands.sh: line 7: 1442240 Floating point exception(core dumped) gmx mdrun -s modified_25.tpr -dhdl dhdl_modified_25.xvg
